0 info it worked if it ends with ok
1 verbose cli [ '/usr/local/bin/node', '/usr/local/bin/npm', 'start' ]
2 info using npm@3.3.12
3 info using node@v5.1.0
4 verbose run-script [ 'prestart', 'start', 'poststart' ]
5 info lifecycle cryptoindex@1.0.0~prestart: cryptoindex@1.0.0
6 silly lifecycle cryptoindex@1.0.0~prestart: no script for prestart, continuing
7 info lifecycle cryptoindex@1.0.0~start: cryptoindex@1.0.0
8 verbose lifecycle cryptoindex@1.0.0~start: unsafe-perm in lifecycle true
9 verbose lifecycle cryptoindex@1.0.0~start: PATH: /usr/local/lib/node_modules/npm/bin/node-gyp-bin:/Users/danielternyak2/WebstormProjects/react-cryptoindex/node_modules/.bin:/Users/danielternyak2/google-cloud-sdk/bin:/usr/local/bin:/usr/bin:/bin:/usr/sbin:/sbin:/usr/local/go/bin:/opt/X11/bin:/usr/local/git/bin:/usr/texbin:/Development/adt-bundle/sdk/platform-tools:/Development/adt-bundle/sdk/tools
10 verbose lifecycle cryptoindex@1.0.0~start: CWD: /Users/danielternyak2/WebstormProjects/react-cryptoindex
11 silly lifecycle cryptoindex@1.0.0~start: Args: [ '-c', 'webpack-dev-server' ]
12 silly lifecycle cryptoindex@1.0.0~start: Returned: code: 1  signal: null
13 info lifecycle cryptoindex@1.0.0~start: Failed to exec start script
14 verbose stack Error: cryptoindex@1.0.0 start: `webpack-dev-server`
14 verbose stack Exit status 1
14 verbose stack     at EventEmitter.<anonymous> (/usr/local/lib/node_modules/npm/lib/utils/lifecycle.js:232:16)
14 verbose stack     at emitTwo (events.js:87:13)
14 verbose stack     at EventEmitter.emit (events.js:172:7)
14 verbose stack     at ChildProcess.<anonymous> (/usr/local/lib/node_modules/npm/lib/utils/spawn.js:24:14)
14 verbose stack     at emitTwo (events.js:87:13)
14 verbose stack     at ChildProcess.emit (events.js:172:7)
14 verbose stack     at maybeClose (internal/child_process.js:818:16)
14 verbose stack     at Process.ChildProcess._handle.onexit (internal/child_process.js:211:5)
15 verbose pkgid cryptoindex@1.0.0
16 verbose cwd /Users/danielternyak2/WebstormProjects/react-cryptoindex
17 error Darwin 15.3.0
18 error argv "/usr/local/bin/node" "/usr/local/bin/npm" "start"
19 error node v5.1.0
20 error npm  v3.3.12
21 error code ELIFECYCLE
22 error cryptoindex@1.0.0 start: `webpack-dev-server`
22 error Exit status 1
23 error Failed at the cryptoindex@1.0.0 start script 'webpack-dev-server'.
23 error Make sure you have the latest version of node.js and npm installed.
23 error If you do, this is most likely a problem with the cryptoindex package,
23 error not with npm itself.
23 error Tell the author that this fails on your system:
23 error     webpack-dev-server
23 error You can get their info via:
23 error     npm owner ls cryptoindex
23 error There is likely additional logging output above.
24 verbose exit [ 1, true ]
